{"C:\\Users\\Usuario\\Documents\\LP3\\LP3_2019_2\\Aula01\\app.js": {"path":"C:\\Users\\Usuario\\Documents\\LP3\\LP3_2019_2\\Aula01\\app.js","statementMap":{"0":{"start":{"line":1,"column":16},"end":{"line":1,"column":34}},"1":{"start":{"line":3,"column":10},"end":{"line":3,"column":19}},"2":{"start":{"line":5,"column":0},"end":{"line":9,"column":3}},"3":{"start":{"line":6,"column":19},"end":{"line":6,"column":29}},"4":{"start":{"line":7,"column":4},"end":{"line":7,"column":45}},"5":{"start":{"line":8,"column":4},"end":{"line":8,"column":24}},"6":{"start":{"line":15,"column":0},"end":{"line":21,"column":3}},"7":{"start":{"line":17,"column":16},"end":{"line":17,"column":33}},"8":{"start":{"line":19,"column":3},"end":{"line":19,"column":46}},"9":{"start":{"line":20,"column":3},"end":{"line":20,"column":33}},"10":{"start":{"line":25,"column":0},"end":{"line":47,"column":3}},"11":{"start":{"line":26,"column":14},"end":{"line":26,"column":28}},"12":{"start":{"line":27,"column":15},"end":{"line":27,"column":16}},"13":{"start":{"line":29,"column":4},"end":{"line":29,"column":13}},"14":{"start":{"line":31,"column":2},"end":{"line":31,"column":54}},"15":{"start":{"line":31,"column":28},"end":{"line":31,"column":54}},"16":{"start":{"line":33,"column":2},"end":{"line":33,"column":80}},"17":{"start":{"line":33,"column":23},"end":{"line":33,"column":80}},"18":{"start":{"line":34,"column":2},"end":{"line":34,"column":25}},"19":{"start":{"line":36,"column":4},"end":{"line":36,"column":45}},"20":{"start":{"line":36,"column":37},"end":{"line":36,"column":45}},"21":{"start":{"line":37,"column":4},"end":{"line":37,"column":74}},"22":{"start":{"line":37,"column":48},"end":{"line":37,"column":74}},"23":{"start":{"line":39,"column":4},"end":{"line":39,"column":13}},"24":{"start":{"line":40,"column":4},"end":{"line":40,"column":87}},"25":{"start":{"line":40,"column":30},"end":{"line":40,"column":87}},"26":{"start":{"line":41,"column":4},"end":{"line":41,"column":27}},"27":{"start":{"line":43,"column":4},"end":{"line":43,"column":45}},"28":{"start":{"line":43,"column":37},"end":{"line":43,"column":45}},"29":{"start":{"line":44,"column":4},"end":{"line":44,"column":75}},"30":{"start":{"line":44,"column":50},"end":{"line":44,"column":75}},"31":{"start":{"line":45,"column":4},"end":{"line":45,"column":29}},"32":{"start":{"line":49,"column":0},"end":{"line":49,"column":21}}},"fnMap":{"0":{"name":"(anonymous_0)","decl":{"start":{"line":5,"column":16},"end":{"line":5,"column":17}},"loc":{"start":{"line":5,"column":28},"end":{"line":9,"column":1}},"line":5},"1":{"name":"(anonymous_1)","decl":{"start":{"line":15,"column":28},"end":{"line":15,"column":29}},"loc":{"start":{"line":15,"column":41},"end":{"line":21,"column":1}},"line":15},"2":{"name":"(anonymous_2)","decl":{"start":{"line":25,"column":21},"end":{"line":25,"column":22}},"loc":{"start":{"line":25,"column":35},"end":{"line":47,"column":1}},"line":25}},"branchMap":{"0":{"loc":{"start":{"line":31,"column":2},"end":{"line":31,"column":54}},"type":"if","locations":[{"start":{"line":31,"column":2},"end":{"line":31,"column":54}},{"start":{"line":31,"column":2},"end":{"line":31,"column":54}}],"line":31},"1":{"loc":{"start":{"line":36,"column":4},"end":{"line":36,"column":45}},"type":"if","locations":[{"start":{"line":36,"column":4},"end":{"line":36,"column":45}},{"start":{"line":36,"column":4},"end":{"line":36,"column":45}}],"line":36},"2":{"loc":{"start":{"line":36,"column":8},"end":{"line":36,"column":34}},"type":"binary-expr","locations":[{"start":{"line":36,"column":9},"end":{"line":36,"column":18}},{"start":{"line":36,"column":24},"end":{"line":36,"column":33}}],"line":36},"3":{"loc":{"start":{"line":37,"column":4},"end":{"line":37,"column":74}},"type":"if","locations":[{"start":{"line":37,"column":4},"end":{"line":37,"column":74}},{"start":{"line":37,"column":4},"end":{"line":37,"column":74}}],"line":37},"4":{"loc":{"start":{"line":43,"column":4},"end":{"line":43,"column":45}},"type":"if","locations":[{"start":{"line":43,"column":4},"end":{"line":43,"column":45}},{"start":{"line":43,"column":4},"end":{"line":43,"column":45}}],"line":43},"5":{"loc":{"start":{"line":43,"column":8},"end":{"line":43,"column":34}},"type":"binary-expr","locations":[{"start":{"line":43,"column":9},"end":{"line":43,"column":18}},{"start":{"line":43,"column":24},"end":{"line":43,"column":33}}],"line":43},"6":{"loc":{"start":{"line":44,"column":4},"end":{"line":44,"column":75}},"type":"if","locations":[{"start":{"line":44,"column":4},"end":{"line":44,"column":75}},{"start":{"line":44,"column":4},"end":{"line":44,"column":75}}],"line":44}},"s":{"0":1,"1":1,"2":1,"3":0,"4":0,"5":0,"6":1,"7":3,"8":3,"9":3,"10":1,"11":12,"12":12,"13":12,"14":12,"15":0,"16":12,"17":108,"18":12,"19":12,"20":1,"21":12,"22":2,"23":12,"24":12,"25":120,"26":12,"27":12,"28":0,"29":12,"30":6,"31":10,"32":1},"f":{"0":0,"1":3,"2":12},"b":{"0":[0,12],"1":[1,11],"2":[12,11],"3":[2,10],"4":[0,12],"5":[12,12],"6":[6,6]},"_coverageSchema":"43e27e138ebf9cfc5966b082cf9a028302ed4184","hash":"b4899554e515d9d67d8e70dc762038013516a280"}
}
