TN:
SF:C:\Users\Usuario\Documents\LP3\LP3_2019_2\Aula01\app.js
FN:5,(anonymous_0)
FN:15,(anonymous_1)
FN:25,(anonymous_2)
FNF:3
FNH:2
FNDA:0,(anonymous_0)
FNDA:3,(anonymous_1)
FNDA:12,(anonymous_2)
DA:1,1
DA:3,1
DA:5,1
DA:6,0
DA:7,0
DA:8,0
DA:15,1
DA:17,3
DA:19,3
DA:20,3
DA:25,1
DA:26,12
DA:27,12
DA:29,12
DA:31,12
DA:33,108
DA:34,12
DA:36,12
DA:37,12
DA:39,12
DA:40,120
DA:41,12
DA:43,12
DA:44,12
DA:45,10
DA:49,1
LF:26
LH:23
BRDA:31,0,0,0
BRDA:31,0,1,12
BRDA:36,1,0,1
BRDA:36,1,1,11
BRDA:36,2,0,12
BRDA:36,2,1,11
BRDA:37,3,0,2
BRDA:37,3,1,10
BRDA:43,4,0,0
BRDA:43,4,1,12
BRDA:43,5,0,12
BRDA:43,5,1,12
BRDA:44,6,0,6
BRDA:44,6,1,6
BRF:14
BRH:12
end_of_record
